<?xml version="1.0" encoding="UTF-8"?>
<testsuite xmlns:xsi="http://www.w3.org/2001/XMLSchema-instance" xsi:noNamespaceSchemaLocation="https://maven.apache.org/surefire/maven-surefire-plugin/xsd/surefire-test-report.xsd" name="com.mycompany.app.AppTest" time="0.016" tests="1" errors="0" skipped="0" failures="0">
  <properties>
    <property name="sun.desktop" value="windows"/>
    <property name="awt.toolkit" value="sun.awt.windows.WToolkit"/>
    <property name="file.encoding.pkg" value="sun.io"/>
    <property name="java.specification.version" value="1.8"/>
    <property name="sun.cpu.isalist" value="amd64"/>
    <property name="sun.jnu.encoding" value="Cp1252"/>
    <property name="java.class.path" value="C:\Training\50_WORKSPACES\my-app\target\test-classes;C:\Training\50_WORKSPACES\my-app\target\classes;C:\Training\40_MVN_REPO\junit\junit\4.11\junit-4.11.jar;C:\Training\40_MVN_REPO\org\hamcrest\hamcrest-core\1.3\hamcrest-core-1.3.jar;"/>
    <property name="java.vm.vendor" value="Oracle Corporation"/>
    <property name="sun.arch.data.model" value="64"/>
    <property name="user.variant" value=""/>
    <property name="java.vendor.url" value="http://java.oracle.com/"/>
    <property name="user.timezone" value="Europe/Athens"/>
    <property name="java.vm.specification.version" value="1.8"/>
    <property name="os.name" value="Windows 10"/>
    <property name="user.country" value="DE"/>
    <property name="sun.java.launcher" value="SUN_STANDARD"/>
    <property name="sun.boot.library.path" value="C:\Training\20_TOOLS\jdks\jre\bin"/>
    <property name="sun.java.command" value="C:\Users\popesd\AppData\Local\Temp\surefire9066494110321865403\surefirebooter7945826325073863928.jar C:\Users\popesd\AppData\Local\Temp\surefire9066494110321865403 2019-07-19T10-36-01_215-jvmRun1 surefire1915405615322765234tmp surefire_06149367812088113301tmp"/>
    <property name="surefire.test.class.path" value="C:\Training\50_WORKSPACES\my-app\target\test-classes;C:\Training\50_WORKSPACES\my-app\target\classes;C:\Training\40_MVN_REPO\junit\junit\4.11\junit-4.11.jar;C:\Training\40_MVN_REPO\org\hamcrest\hamcrest-core\1.3\hamcrest-core-1.3.jar;"/>
    <property name="sun.cpu.endian" value="little"/>
    <property name="user.home" value="C:\Users\popesd"/>
    <property name="user.language" value="de"/>
    <property name="java.specification.vendor" value="Oracle Corporation"/>
    <property name="java.home" value="C:\Training\20_TOOLS\jdks\jre"/>
    <property name="basedir" value="C:\Training\50_WORKSPACES\my-app"/>
    <property name="file.separator" value="\"/>
    <property name="line.separator" value="&#10;"/>
    <property name="java.vm.specification.vendor" value="Oracle Corporation"/>
    <property name="java.specification.name" value="Java Platform API Specification"/>
    <property name="java.awt.graphicsenv" value="sun.awt.Win32GraphicsEnvironment"/>
    <property name="surefire.real.class.path" value="C:\Users\popesd\AppData\Local\Temp\surefire9066494110321865403\surefirebooter7945826325073863928.jar"/>
    <property name="sun.boot.class.path" value="C:\Training\20_TOOLS\jdks\jre\lib\resources.jar;C:\Training\20_TOOLS\jdks\jre\lib\rt.jar;C:\Training\20_TOOLS\jdks\jre\lib\sunrsasign.jar;C:\Training\20_TOOLS\jdks\jre\lib\jsse.jar;C:\Training\20_TOOLS\jdks\jre\lib\jce.jar;C:\Training\20_TOOLS\jdks\jre\lib\charsets.jar;C:\Training\20_TOOLS\jdks\jre\lib\jfr.jar;C:\Training\20_TOOLS\jdks\jre\classes"/>
    <property name="user.script" value=""/>
    <property name="sun.management.compiler" value="HotSpot 64-Bit Tiered Compilers"/>
    <property name="java.runtime.version" value="1.8.0_131-b11"/>
    <property name="user.name" value="popesd"/>
    <property name="path.separator" value=";"/>
    <property name="os.version" value="10.0"/>
    <property name="java.endorsed.dirs" value="C:\Training\20_TOOLS\jdks\jre\lib\endorsed"/>
    <property name="java.runtime.name" value="Java(TM) SE Runtime Environment"/>
    <property name="file.encoding" value="Cp1252"/>
    <property name="java.vm.name" value="Java HotSpot(TM) 64-Bit Server VM"/>
    <property name="localRepository" value="C:\Training\40_MVN_REPO"/>
    <property name="java.vendor.url.bug" value="http://bugreport.sun.com/bugreport/"/>
    <property name="java.io.tmpdir" value="C:\Users\popesd\AppData\Local\Temp\"/>
    <property name="java.version" value="1.8.0_131"/>
    <property name="user.dir" value="C:\Training\50_WORKSPACES\my-app"/>
    <property name="os.arch" value="amd64"/>
    <property name="java.vm.specification.name" value="Java Virtual Machine Specification"/>
    <property name="java.awt.printerjob" value="sun.awt.windows.WPrinterJob"/>
    <property name="sun.os.patch.level" value=""/>
    <property name="idea.version2019.1" value="true"/>
    <property name="java.library.path" value="C:\Training\20_TOOLS\jdks\jre\bin;C:\Windows\Sun\Java\bin;C:\Windows\system32;C:\Windows;C:\Program Files (x86)\Common Files\Oracle\Java\javapath;C:\Program Files\Java\jdk1.8.0_161\bin;C:\ProgramData\Oracle\Java\javapath;C:\Windows\system32;C:\Windows;C:\Windows\System32\Wbem;C:\Windows\System32\WindowsPowerShell\v1.0\;C:\Windows\SysWOW64\Empirum;C:\Program Files\TortoiseGit\bin;C:\Users\giurgi\Downloads\sonar-scanner-3.2.0.1227-windows\bin;C:\Program Files\dotnet\;C:\Program Files\nodejs\;C:\Windows\system32;C:\Windows;C:\Windows\System32\Wbem;C:\Windows\System32\WindowsPowerShell\v1.0\;;C:\Training\20_TOOLS\jdks;C:\Training\20_TOOLS\apache-maven-3.5.0\bin;C:\Training\20_TOOLS\jdks\bin;C:\Training\20_TOOLS\git\cmd;C:\Training\20_TOOLS\payara41\bin;C:\Training\20_TOOLS\IntelliJ IDEA 2019.1;C:\Training\20_TOOLS\IntelliJ IDEA 2019.1\bin;;;."/>
    <property name="java.vm.info" value="mixed mode"/>
    <property name="java.vendor" value="Oracle Corporation"/>
    <property name="java.vm.version" value="25.131-b11"/>
    <property name="java.ext.dirs" value="C:\Training\20_TOOLS\jdks\jre\lib\ext;C:\Windows\Sun\Java\lib\ext"/>
    <property name="sun.io.unicode.encoding" value="UnicodeLittle"/>
    <property name="maven.repo.local" value="C:\Training\40_MVN_REPO"/>
    <property name="java.class.version" value="52.0"/>
  </properties>
  <testcase name="shouldAnswerWithTrue" classname="com.mycompany.app.AppTest" time="0"/>
</testsuite>